\BOOKMARK [1][-]{section*.1}{\376\377\000S\000u\000m\000m\000a\000r\000y\000\040\000S\000t\000a\000t\000i\000s\000t\000i\000c\000s\000:}{}% 1
\BOOKMARK [2][-]{section*.2}{\376\377\000O\000u\000t\000c\000o\000m\000e\000s}{section*.1}% 2
\BOOKMARK [2][-]{section*.6}{\376\377\000C\000o\000v\000a\000r\000i\000a\000t\000e\000s}{section*.1}% 3
\BOOKMARK [1][-]{section*.10}{\376\377\000P\000r\000e\000l\000i\000m\000i\000n\000a\000r\000y\000\040\000R\000e\000g\000r\000e\000s\000s\000i\000o\000n\000s\000\040\000-\000\040\000S\000e\000p\000a\000r\000a\000t\000e\000d\000\040\000b\000y\000\040\000P\000o\000l\000i\000c\000y\000\040\000O\000u\000t\000c\000o\000m\000e}{}% 4
\BOOKMARK [2][-]{section*.11}{\376\377\000O\000v\000e\000r\000a\000l\000l\000\040\000M\000o\000r\000a\000t\000o\000r\000i\000u\000m\000\040\000D\000a\000y\000s}{section*.10}% 5
\BOOKMARK [2][-]{section*.12}{\376\377\000S\000t\000a\000g\000e\000\040\0001\000\040\000D\000a\000y\000s}{section*.10}% 6
\BOOKMARK [2][-]{section*.13}{\376\377\000S\000t\000a\000g\000e\000\040\0001\000\040\000C\000O\000V\000I\000D\000\040\000D\000a\000y\000s}{section*.10}% 7
\BOOKMARK [2][-]{section*.14}{\376\377\000S\000t\000a\000g\000e\000\040\0001\000\040\000N\000o\000n\000-\000P\000a\000y\000m\000e\000n\000t\000\040\000D\000a\000y\000s}{section*.10}% 8
\BOOKMARK [2][-]{section*.15}{\376\377\000S\000t\000a\000g\000e\000\040\0002\000\040\000D\000a\000y\000s}{section*.10}% 9
\BOOKMARK [2][-]{section*.16}{\376\377\000S\000t\000a\000g\000e\000\040\0002\000\040\000C\000O\000V\000I\000D\000\040\000D\000a\000y\000s}{section*.10}% 10
\BOOKMARK [2][-]{section*.17}{\376\377\000S\000t\000a\000g\000e\000\040\0002\000\040\000N\000o\000n\000-\000P\000a\000y\000m\000e\000n\000t\000\040\000D\000a\000y\000s}{section*.10}% 11
\BOOKMARK [2][-]{section*.18}{\376\377\000S\000t\000a\000g\000e\000\040\0003\000\040\000D\000a\000y\000s}{section*.10}% 12
\BOOKMARK [2][-]{section*.19}{\376\377\000S\000t\000a\000g\000e\000\040\0003\000\040\000C\000O\000V\000I\000D\000\040\000D\000a\000y\000s}{section*.10}% 13
\BOOKMARK [2][-]{section*.20}{\376\377\000S\000t\000a\000g\000e\000\040\0003\000\040\000N\000o\000n\000-\000P\000a\000y\000m\000e\000n\000t\000\040\000D\000a\000y\000s}{section*.10}% 14
\BOOKMARK [2][-]{section*.21}{\376\377\000S\000t\000a\000g\000e\000\040\0004\000\040\000D\000a\000y\000s}{section*.10}% 15
\BOOKMARK [2][-]{section*.22}{\376\377\000S\000t\000a\000g\000e\000\040\0005\000\040\000D\000a\000y\000s}{section*.10}% 16
\BOOKMARK [2][-]{section*.23}{\376\377\000C\000A\000R\000E\000S\000\040\000A\000c\000t\000\040\000D\000a\000y\000s}{section*.10}% 17
\BOOKMARK [2][-]{section*.24}{\376\377\000C\000D\000C\000\040\000M\000o\000r\000a\000t\000o\000r\000i\000u\000m\000\040\000D\000a\000y\000s}{section*.10}% 18
\BOOKMARK [2][-]{section*.25}{\376\377\000T\000o\000t\000a\000l\000\040\000M\000o\000r\000a\000t\000o\000r\000i\000u\000m\000\040\000D\000a\000y\000s}{section*.10}% 19
\BOOKMARK [2][-]{section*.26}{\376\377\000M\000o\000r\000a\000t\000o\000r\000i\000u\000m\000\040\000I\000n\000d\000e\000x}{section*.10}% 20
